2021-05-14 02:57:06,723:INFO:PyCaret Supervised Module
2021-05-14 02:57:06,723:INFO:ML Usecase: classification
2021-05-14 02:57:06,723:INFO:version 2.3.0
2021-05-14 02:57:06,723:INFO:Initializing setup()
2021-05-14 02:57:06,724:INFO:setup(display=None, profile_kwargs=None, profile=False, verbose=False, silent=True, log_data=False, log_profile=False, log_plots=False, experiment_name=None, log_experiment=False, session_id=None, html=True, custom_pipeline=None, use_gpu=False, n_jobs=-1, fold_groups=None, fold_shuffle=False, fold=10, fold_strategy=stratifiedkfold, data_split_stratify=False, data_split_shuffle=True, transform_target_method=box-cox, transform_target=False, fix_imbalance_method=None, fix_imbalance=False, interaction_threshold=0.01, feature_ratio=False, feature_interaction=False, feature_selection_method=classic, feature_selection_threshold=0.8, feature_selection=False, group_names=None, group_features=None, polynomial_threshold=0.1, trigonometry_features=False, polynomial_degree=2, polynomial_features=False, cluster_iter=20, create_clusters=False, remove_perfect_collinearity=True, multicollinearity_threshold=0.9, remove_multicollinearity=False, outliers_threshold=0.05, remove_outliers=False, bin_numeric_features=None, rare_level_threshold=0.1, combine_rare_levels=False, ignore_low_variance=True, pca_components=None, pca_method=linear, pca=False, unknown_categorical_method=least_frequent, handle_unknown_categorical=True, transformation_method=yeo-johnson, transformation=False, normalize_method=zscore, normalize=False, ignore_features=None, date_features=None, numeric_iterative_imputer=lightgbm, numeric_imputation=mean, numeric_features=['age', 'bmi'], high_cardinality_method=frequency, high_cardinality_features=None, ordinal_features={'children': ['0', '1', '2', '3', '4', '5']}, categorical_iterative_imputer=lightgbm, categorical_imputation=constant, categorical_features=['region', 'smoker', 'sex'], iterative_imputation_iters=5, imputation_type=simple, preprocess=True, test_data=      age     sex     bmi  children smoker     region  charges
764    45  female  25.175         2     no  northeast        1
887    36  female  30.020         0     no  northwest        1
890    64  female  26.885         0    yes  northwest        2
1293   46    male  25.745         3     no  northwest        1
259    19    male  31.920         0    yes  northwest        3
...   ...     ...     ...       ...    ...        ...      ...
588    61  female  35.910         0     no  northeast        1
872    42    male  24.860         0     no  southeast        1
914    33    male  24.605         2     no  northwest        1
679    49  female  23.180         2     no  northwest        1
256    56    male  33.630         0    yes  northwest        3

[536 rows x 7 columns], train_size=0.7, available_plots={'parameter': 'Hyperparameters', 'auc': 'AUC', 'confusion_matrix': 'Confusion Matrix', 'threshold': 'Threshold', 'pr': 'Precision Recall', 'error': 'Prediction Error', 'class_report': 'Class Report', 'rfe': 'Feature Selection', 'learning': 'Learning Curve', 'manifold': 'Manifold Learning', 'calibration': 'Calibration Curve', 'vc': 'Validation Curve', 'dimension': 'Dimensions', 'feature': 'Feature Importance', 'feature_all': 'Feature Importance (All)', 'boundary': 'Decision Boundary', 'lift': 'Lift Chart', 'gain': 'Gain Chart', 'tree': 'Decision Tree'}, ml_usecase=classification, target=charges)
2021-05-14 02:57:06,734:INFO:Checking environment
2021-05-14 02:57:06,734:INFO:python_version: 3.6.12
2021-05-14 02:57:06,734:INFO:python_build: ('default', 'Sep  9 2020 00:29:25')
2021-05-14 02:57:06,734:INFO:machine: AMD64
2021-05-14 02:57:06,734:INFO:platform: Windows-10-10.0.18362-SP0
2021-05-14 02:57:06,735:WARNING:cannot find psutil installation. memory not traceable. Install psutil using pip to enable memory logging.
2021-05-14 02:57:06,735:INFO:Checking libraries
2021-05-14 02:57:06,735:INFO:pd==1.1.4
2021-05-14 02:57:06,735:INFO:numpy==1.19.5
2021-05-14 02:57:06,735:INFO:sklearn==0.23.2
2021-05-14 02:57:06,735:INFO:lightgbm==3.1.1
2021-05-14 02:57:06,736:WARNING:catboost not found
2021-05-14 02:57:06,736:WARNING:xgboost not found
2021-05-14 02:57:07,091:INFO:mlflow==1.14.1
2021-05-14 02:57:07,091:INFO:Checking Exceptions
2021-05-14 02:57:07,092:INFO:Declaring global variables
2021-05-14 02:57:07,092:INFO:USI: fcd9
2021-05-14 02:57:07,092:INFO:pycaret_globals: {'y', 'pycaret_globals', 'prep_pipe', 'display_container', 'transform_target_param', '_all_models_internal', '_all_models', 'logging_param', 'seed', 'fold_generator', 'log_plots_param', 'gpu_param', 'fix_imbalance_param', 'n_jobs_param', 'X_train', 'data_before_preprocess', '_ml_usecase', 'experiment__', 'USI', 'html_param', '_gpu_n_jobs_param', 'fold_param', 'y_train', 'imputation_regressor', 'stratify_param', '_available_plots', 'iterative_imputation_iters_param', 'fold_groups_param', 'target_param', 'y_test', 'X_test', '_internal_pipeline', 'imputation_classifier', 'X', 'exp_name_log', '_all_metrics', 'fold_shuffle_param', 'fix_imbalance_method_param', 'transform_target_method_param', 'create_model_container', 'master_model_container'}
2021-05-14 02:57:07,092:INFO:Preparing display monitor
2021-05-14 02:57:07,092:INFO:Importing libraries
2021-05-14 02:57:07,092:INFO:Copying data for preprocessing
2021-05-14 02:57:07,092:INFO:Declaring preprocessing parameters
2021-05-14 02:57:07,093:INFO:Creating preprocessing pipeline
2021-05-14 02:57:07,101:INFO:Preprocessing pipeline created successfully
2021-05-14 02:57:07,101:ERROR:(Process Exit): setup has been interupted with user command 'quit'. setup must rerun.
2021-05-14 02:57:07,101:INFO:Creating global containers
2021-05-14 02:57:07,102:INFO:Internal pipeline: Pipeline(memory=None, steps=[('empty_step', 'passthrough')], verbose=False)
2021-05-14 02:57:07,382:WARNING:Couldn't import xgboost.XGBClassifier
2021-05-14 02:57:07,383:WARNING:Couldn't import catboost.CatBoostClassifier
2021-05-14 02:57:07,464:WARNING:Couldn't import xgboost.XGBClassifier
2021-05-14 02:57:07,465:WARNING:Couldn't import catboost.CatBoostClassifier
2021-05-14 02:57:07,466:INFO:Creating grid variables
2021-05-14 02:57:07,468:INFO:create_model_container: 0
2021-05-14 02:57:07,468:INFO:master_model_container: 0
2021-05-14 02:57:07,468:INFO:display_container: 1
2021-05-14 02:57:07,474:INFO:Pipeline(memory=None,
         steps=[('dtypes',
                 DataTypes_Auto_infer(categorical_features=['region', 'smoker',
                                                            'sex'],
                                      display_types=False, features_todrop=[],
                                      id_columns=[],
                                      ml_usecase='classification',
                                      numerical_features=['age', 'bmi'],
                                      target='charges', time_features=[])),
                ('imputer',
                 Simple_Imputer(categorical_strategy='not_available',
                                fill_value_categorical=None,
                                fil...
                ('scaling', 'passthrough'), ('P_transform', 'passthrough'),
                ('binn', 'passthrough'), ('rem_outliers', 'passthrough'),
                ('cluster_all', 'passthrough'),
                ('dummy', Dummify(target='charges')),
                ('fix_perfect', Remove_100(target='charges')),
                ('clean_names', Clean_Colum_Names()),
                ('feature_select', 'passthrough'), ('fix_multi', 'passthrough'),
                ('dfs', 'passthrough'), ('pca', 'passthrough')],
         verbose=False)
2021-05-14 02:57:07,474:INFO:setup() succesfully completed......................................
2021-05-14 02:57:07,594:INFO:Initializing compare_models()
2021-05-14 02:57:07,594:INFO:compare_models(display=None, verbose=True, groups=None, fit_kwargs=None, errors=ignore, turbo=True, budget_time=None, n_select=1, sort=Accuracy, cross_validation=True, round=4, fold=None, include=None, exclude=None)
2021-05-14 02:57:07,594:INFO:Checking exceptions
2021-05-14 02:57:07,595:INFO:Preparing display monitor
2021-05-14 02:57:07,595:INFO:Preparing display monitor
2021-05-14 02:57:07,621:INFO:Initializing Logistic Regression
2021-05-14 02:57:07,622:INFO:Total runtime is 1.6597906748453774e-05 minutes
2021-05-14 02:57:07,630:INFO:SubProcess create_model() called ==================================
2021-05-14 02:57:07,630:INFO:Initializing create_model()
2021-05-14 02:57:07,630:INFO:create_model(kwargs={}, display=<pycaret.internal.Display.Display object at 0x0000022F08571F28>, metrics=None, system=False, verbose=False, refit=False, groups=None, fit_kwargs={}, predict=True, cross_validation=True, round=4, fold=StratifiedKFold(n_splits=10, random_state=None, shuffle=False), estimator=lr)
2021-05-14 02:57:07,630:INFO:Checking exceptions
2021-05-14 02:57:07,630:INFO:Importing libraries
2021-05-14 02:57:07,630:INFO:Copying training dataset
2021-05-14 02:57:07,631:INFO:Defining folds
2021-05-14 02:57:07,631:INFO:Declaring metric variables
2021-05-14 02:57:07,639:INFO:Importing untrained model
2021-05-14 02:57:07,648:INFO:Logistic Regression Imported succesfully
2021-05-14 02:57:07,667:INFO:Starting cross validation
2021-05-14 02:57:07,668:INFO:Cross validating with StratifiedKFold(n_splits=10, random_state=None, shuffle=False), n_jobs=-1
2021-05-14 02:57:13,963:INFO:Calculating mean and std
2021-05-14 02:57:13,964:INFO:Creating metrics dataframe
2021-05-14 02:57:13,971:INFO:Uploading results into container
2021-05-14 02:57:13,971:INFO:Uploading model into container now
2021-05-14 02:57:13,971:INFO:create_model_container: 1
2021-05-14 02:57:13,971:INFO:master_model_container: 1
2021-05-14 02:57:13,971:INFO:display_container: 2
2021-05-14 02:57:13,972:INFO:LogisticRegression(C=1.0, class_weight=None, dual=False, fit_intercept=True,
                   intercept_scaling=1, l1_ratio=None, max_iter=1000,
                   multi_class='auto', n_jobs=None, penalty='l2',
                   random_state=948, solver='lbfgs', tol=0.0001, verbose=0,
                   warm_start=False)
2021-05-14 02:57:13,972:INFO:create_model() succesfully completed......................................
2021-05-14 02:57:14,042:INFO:SubProcess create_model() end ==================================
2021-05-14 02:57:14,042:INFO:Creating metrics dataframe
2021-05-14 02:57:14,081:INFO:Initializing K Neighbors Classifier
2021-05-14 02:57:14,081:INFO:Total runtime is 0.10767882664998371 minutes
2021-05-14 02:57:14,091:INFO:SubProcess create_model() called ==================================
2021-05-14 02:57:14,091:INFO:Initializing create_model()
2021-05-14 02:57:14,091:INFO:create_model(kwargs={}, display=<pycaret.internal.Display.Display object at 0x0000022F08571F28>, metrics=None, system=False, verbose=False, refit=False, groups=None, fit_kwargs={}, predict=True, cross_validation=True, round=4, fold=StratifiedKFold(n_splits=10, random_state=None, shuffle=False), estimator=knn)
2021-05-14 02:57:14,091:INFO:Checking exceptions
2021-05-14 02:57:14,091:INFO:Importing libraries
2021-05-14 02:57:14,092:INFO:Copying training dataset
2021-05-14 02:57:14,092:INFO:Defining folds
2021-05-14 02:57:14,093:INFO:Declaring metric variables
2021-05-14 02:57:14,102:INFO:Importing untrained model
2021-05-14 02:57:14,110:INFO:K Neighbors Classifier Imported succesfully
2021-05-14 02:57:14,127:INFO:Starting cross validation
2021-05-14 02:57:14,128:INFO:Cross validating with StratifiedKFold(n_splits=10, random_state=None, shuffle=False), n_jobs=-1
2021-05-14 02:57:15,814:INFO:PyCaret Supervised Module
2021-05-14 02:57:15,814:INFO:ML Usecase: classification
2021-05-14 02:57:15,814:INFO:version 2.3.0
2021-05-14 02:57:15,814:INFO:Initializing setup()
2021-05-14 02:57:15,814:INFO:setup(display=None, profile_kwargs=None, profile=False, verbose=False, silent=True, log_data=False, log_profile=False, log_plots=False, experiment_name=None, log_experiment=False, session_id=None, html=True, custom_pipeline=None, use_gpu=False, n_jobs=-1, fold_groups=None, fold_shuffle=False, fold=10, fold_strategy=stratifiedkfold, data_split_stratify=False, data_split_shuffle=True, transform_target_method=box-cox, transform_target=False, fix_imbalance_method=None, fix_imbalance=False, interaction_threshold=0.01, feature_ratio=False, feature_interaction=False, feature_selection_method=classic, feature_selection_threshold=0.8, feature_selection=False, group_names=None, group_features=None, polynomial_threshold=0.1, trigonometry_features=False, polynomial_degree=2, polynomial_features=False, cluster_iter=20, create_clusters=False, remove_perfect_collinearity=True, multicollinearity_threshold=0.9, remove_multicollinearity=False, outliers_threshold=0.05, remove_outliers=False, bin_numeric_features=None, rare_level_threshold=0.1, combine_rare_levels=False, ignore_low_variance=True, pca_components=None, pca_method=linear, pca=False, unknown_categorical_method=least_frequent, handle_unknown_categorical=True, transformation_method=yeo-johnson, transformation=False, normalize_method=zscore, normalize=False, ignore_features=None, date_features=None, numeric_iterative_imputer=lightgbm, numeric_imputation=mean, numeric_features=['age', 'bmi'], high_cardinality_method=frequency, high_cardinality_features=None, ordinal_features={'children': ['0', '1', '2', '3', '4', '5']}, categorical_iterative_imputer=lightgbm, categorical_imputation=constant, categorical_features=['region', 'smoker', 'sex'], iterative_imputation_iters=5, imputation_type=simple, preprocess=True, test_data=      age     sex     bmi  children smoker     region  charges
764    45  female  25.175         2     no  northeast        1
887    36  female  30.020         0     no  northwest        1
890    64  female  26.885         0    yes  northwest        2
1293   46    male  25.745         3     no  northwest        1
259    19    male  31.920         0    yes  northwest        3
...   ...     ...     ...       ...    ...        ...      ...
588    61  female  35.910         0     no  northeast        1
872    42    male  24.860         0     no  southeast        1
914    33    male  24.605         2     no  northwest        1
679    49  female  23.180         2     no  northwest        1
256    56    male  33.630         0    yes  northwest        3

[536 rows x 7 columns], train_size=0.7, available_plots={'parameter': 'Hyperparameters', 'auc': 'AUC', 'confusion_matrix': 'Confusion Matrix', 'threshold': 'Threshold', 'pr': 'Precision Recall', 'error': 'Prediction Error', 'class_report': 'Class Report', 'rfe': 'Feature Selection', 'learning': 'Learning Curve', 'manifold': 'Manifold Learning', 'calibration': 'Calibration Curve', 'vc': 'Validation Curve', 'dimension': 'Dimensions', 'feature': 'Feature Importance', 'feature_all': 'Feature Importance (All)', 'boundary': 'Decision Boundary', 'lift': 'Lift Chart', 'gain': 'Gain Chart', 'tree': 'Decision Tree'}, ml_usecase=classification, target=charges)
2021-05-14 02:57:15,815:INFO:Checking environment
2021-05-14 02:57:15,815:INFO:python_version: 3.6.12
2021-05-14 02:57:15,815:INFO:python_build: ('default', 'Sep  9 2020 00:29:25')
2021-05-14 02:57:15,815:INFO:machine: AMD64
2021-05-14 02:57:15,815:INFO:platform: Windows-10-10.0.18362-SP0
2021-05-14 02:57:15,816:WARNING:cannot find psutil installation. memory not traceable. Install psutil using pip to enable memory logging.
2021-05-14 02:57:15,816:INFO:Checking libraries
2021-05-14 02:57:15,816:INFO:pd==1.1.4
2021-05-14 02:57:15,816:INFO:numpy==1.19.5
2021-05-14 02:57:15,816:INFO:sklearn==0.23.2
2021-05-14 02:57:15,816:INFO:lightgbm==3.1.1
2021-05-14 02:57:15,817:WARNING:catboost not found
2021-05-14 02:57:15,818:WARNING:xgboost not found
2021-05-14 02:57:16,249:INFO:mlflow==1.14.1
2021-05-14 02:57:16,249:INFO:Checking Exceptions
2021-05-14 02:57:16,250:INFO:Declaring global variables
2021-05-14 02:57:16,250:INFO:USI: f811
2021-05-14 02:57:16,250:INFO:pycaret_globals: {'pycaret_globals', '_available_plots', 'n_jobs_param', 'experiment__', 'X_test', 'fold_param', 'fold_groups_param', '_all_models_internal', '_all_metrics', '_gpu_n_jobs_param', 'fix_imbalance_method_param', 'prep_pipe', 'fix_imbalance_param', 'X', '_internal_pipeline', 'y', 'stratify_param', 'target_param', 'y_test', 'log_plots_param', 'imputation_regressor', 'create_model_container', 'logging_param', 'exp_name_log', 'display_container', 'X_train', 'gpu_param', 'seed', 'fold_shuffle_param', 'transform_target_param', 'html_param', 'y_train', 'transform_target_method_param', 'imputation_classifier', 'data_before_preprocess', '_ml_usecase', '_all_models', 'iterative_imputation_iters_param', 'master_model_container', 'fold_generator', 'USI'}
2021-05-14 02:57:16,251:INFO:Preparing display monitor
2021-05-14 02:57:16,251:INFO:Importing libraries
2021-05-14 02:57:16,251:INFO:Copying data for preprocessing
2021-05-14 02:57:16,251:INFO:Declaring preprocessing parameters
2021-05-14 02:57:16,253:INFO:Creating preprocessing pipeline
2021-05-14 02:57:16,261:INFO:Preprocessing pipeline created successfully
2021-05-14 02:57:16,262:ERROR:(Process Exit): setup has been interupted with user command 'quit'. setup must rerun.
2021-05-14 02:57:16,262:INFO:Creating global containers
2021-05-14 02:57:16,263:INFO:Internal pipeline: Pipeline(memory=None, steps=[('empty_step', 'passthrough')], verbose=False)
2021-05-14 02:57:16,562:WARNING:Couldn't import xgboost.XGBClassifier
2021-05-14 02:57:16,563:WARNING:Couldn't import catboost.CatBoostClassifier
2021-05-14 02:57:16,628:INFO:Calculating mean and std
2021-05-14 02:57:16,629:INFO:Creating metrics dataframe
2021-05-14 02:57:16,634:INFO:Uploading results into container
2021-05-14 02:57:16,634:INFO:Uploading model into container now
2021-05-14 02:57:16,634:INFO:create_model_container: 2
2021-05-14 02:57:16,634:INFO:master_model_container: 2
2021-05-14 02:57:16,634:INFO:display_container: 2
2021-05-14 02:57:16,635:INFO:KNeighborsClassifier(algorithm='auto', leaf_size=30, metric='minkowski',
                     metric_params=None, n_jobs=-1, n_neighbors=5, p=2,
                     weights='uniform')
2021-05-14 02:57:16,635:INFO:create_model() succesfully completed......................................
2021-05-14 02:57:16,648:WARNING:Couldn't import xgboost.XGBClassifier
2021-05-14 02:57:16,649:WARNING:Couldn't import catboost.CatBoostClassifier
2021-05-14 02:57:16,650:INFO:Creating grid variables
2021-05-14 02:57:16,653:INFO:create_model_container: 0
2021-05-14 02:57:16,653:INFO:master_model_container: 0
2021-05-14 02:57:16,653:INFO:display_container: 1
2021-05-14 02:57:16,660:INFO:Pipeline(memory=None,
         steps=[('dtypes',
                 DataTypes_Auto_infer(categorical_features=['region', 'smoker',
                                                            'sex'],
                                      display_types=False, features_todrop=[],
                                      id_columns=[],
                                      ml_usecase='classification',
                                      numerical_features=['age', 'bmi'],
                                      target='charges', time_features=[])),
                ('imputer',
                 Simple_Imputer(categorical_strategy='not_available',
                                fill_value_categorical=None,
                                fil...
                ('scaling', 'passthrough'), ('P_transform', 'passthrough'),
                ('binn', 'passthrough'), ('rem_outliers', 'passthrough'),
                ('cluster_all', 'passthrough'),
                ('dummy', Dummify(target='charges')),
                ('fix_perfect', Remove_100(target='charges')),
                ('clean_names', Clean_Colum_Names()),
                ('feature_select', 'passthrough'), ('fix_multi', 'passthrough'),
                ('dfs', 'passthrough'), ('pca', 'passthrough')],
         verbose=False)
2021-05-14 02:57:16,660:INFO:setup() succesfully completed......................................
2021-05-14 02:57:16,711:INFO:SubProcess create_model() end ==================================
2021-05-14 02:57:16,711:INFO:Creating metrics dataframe
2021-05-14 02:57:16,734:INFO:Initializing Naive Bayes
2021-05-14 02:57:16,735:INFO:Total runtime is 0.1519121527671814 minutes
2021-05-14 02:57:16,742:INFO:SubProcess create_model() called ==================================
2021-05-14 02:57:16,743:INFO:Initializing create_model()
2021-05-14 02:57:16,743:INFO:create_model(kwargs={}, display=<pycaret.internal.Display.Display object at 0x0000022F08571F28>, metrics=None, system=False, verbose=False, refit=False, groups=None, fit_kwargs={}, predict=True, cross_validation=True, round=4, fold=StratifiedKFold(n_splits=10, random_state=None, shuffle=False), estimator=nb)
2021-05-14 02:57:16,743:INFO:Checking exceptions
2021-05-14 02:57:16,743:INFO:Importing libraries
2021-05-14 02:57:16,743:INFO:Copying training dataset
2021-05-14 02:57:16,744:INFO:Defining folds
2021-05-14 02:57:16,744:INFO:Declaring metric variables
2021-05-14 02:57:16,752:INFO:Importing untrained model
2021-05-14 02:57:16,760:INFO:Naive Bayes Imported succesfully
2021-05-14 02:57:16,776:INFO:Starting cross validation
2021-05-14 02:57:16,777:INFO:Cross validating with StratifiedKFold(n_splits=10, random_state=None, shuffle=False), n_jobs=-1
2021-05-14 02:57:16,803:INFO:Initializing compare_models()
2021-05-14 02:57:16,803:INFO:compare_models(display=None, verbose=True, groups=None, fit_kwargs=None, errors=ignore, turbo=True, budget_time=None, n_select=1, sort=Accuracy, cross_validation=True, round=4, fold=None, include=None, exclude=None)
2021-05-14 02:57:16,803:INFO:Checking exceptions
2021-05-14 02:57:16,804:INFO:Preparing display monitor
2021-05-14 02:57:16,804:INFO:Preparing display monitor
2021-05-14 02:57:16,849:INFO:Initializing Logistic Regression
2021-05-14 02:57:16,850:INFO:Total runtime is 1.6641616821289062e-05 minutes
2021-05-14 02:57:16,871:INFO:SubProcess create_model() called ==================================
2021-05-14 02:57:16,872:INFO:Initializing create_model()
2021-05-14 02:57:16,872:INFO:create_model(kwargs={}, display=<pycaret.internal.Display.Display object at 0x0000028088516CC0>, metrics=None, system=False, verbose=False, refit=False, groups=None, fit_kwargs={}, predict=True, cross_validation=True, round=4, fold=StratifiedKFold(n_splits=10, random_state=None, shuffle=False), estimator=lr)
2021-05-14 02:57:16,872:INFO:Checking exceptions
2021-05-14 02:57:16,872:INFO:Importing libraries
2021-05-14 02:57:16,872:INFO:Copying training dataset
2021-05-14 02:57:16,874:INFO:Defining folds
2021-05-14 02:57:16,874:INFO:Declaring metric variables
2021-05-14 02:57:16,902:INFO:Importing untrained model
2021-05-14 02:57:16,921:INFO:Logistic Regression Imported succesfully
2021-05-14 02:57:16,936:INFO:Calculating mean and std
2021-05-14 02:57:16,938:INFO:Creating metrics dataframe
2021-05-14 02:57:16,949:INFO:Uploading results into container
2021-05-14 02:57:16,949:INFO:Uploading model into container now
2021-05-14 02:57:16,949:INFO:create_model_container: 3
2021-05-14 02:57:16,949:INFO:master_model_container: 3
2021-05-14 02:57:16,949:INFO:display_container: 2
2021-05-14 02:57:16,950:INFO:GaussianNB(priors=None, var_smoothing=1e-09)
2021-05-14 02:57:16,950:INFO:create_model() succesfully completed......................................
2021-05-14 02:57:16,957:INFO:Starting cross validation
2021-05-14 02:57:16,958:INFO:Cross validating with StratifiedKFold(n_splits=10, random_state=None, shuffle=False), n_jobs=-1
2021-05-14 02:57:17,078:INFO:SubProcess create_model() end ==================================
2021-05-14 02:57:17,079:INFO:Creating metrics dataframe
2021-05-14 02:57:17,151:INFO:Initializing Decision Tree Classifier
2021-05-14 02:57:17,152:INFO:Total runtime is 0.15883629322052 minutes
2021-05-14 02:57:17,177:INFO:SubProcess create_model() called ==================================
2021-05-14 02:57:17,177:INFO:Initializing create_model()
2021-05-14 02:57:17,178:INFO:create_model(kwargs={}, display=<pycaret.internal.Display.Display object at 0x0000022F08571F28>, metrics=None, system=False, verbose=False, refit=False, groups=None, fit_kwargs={}, predict=True, cross_validation=True, round=4, fold=StratifiedKFold(n_splits=10, random_state=None, shuffle=False), estimator=dt)
2021-05-14 02:57:17,178:INFO:Checking exceptions
2021-05-14 02:57:17,178:INFO:Importing libraries
2021-05-14 02:57:17,178:INFO:Copying training dataset
2021-05-14 02:57:17,182:INFO:Defining folds
2021-05-14 02:57:17,182:INFO:Declaring metric variables
2021-05-14 02:57:17,206:INFO:Importing untrained model
2021-05-14 02:57:17,257:INFO:Decision Tree Classifier Imported succesfully
2021-05-14 02:57:17,326:INFO:Starting cross validation
2021-05-14 02:57:17,327:INFO:Cross validating with StratifiedKFold(n_splits=10, random_state=None, shuffle=False), n_jobs=-1
2021-05-14 02:57:17,557:INFO:Calculating mean and std
2021-05-14 02:57:17,560:INFO:Creating metrics dataframe
2021-05-14 02:57:17,575:INFO:Uploading results into container
2021-05-14 02:57:17,575:INFO:Uploading model into container now
2021-05-14 02:57:17,575:INFO:create_model_container: 4
2021-05-14 02:57:17,575:INFO:master_model_container: 4
2021-05-14 02:57:17,576:INFO:display_container: 2
2021-05-14 02:57:17,576:INFO:DecisionTreeClassifier(ccp_alpha=0.0, class_weight=None, criterion='gini',
                       max_depth=None, max_features=None, max_leaf_nodes=None,
                       min_impurity_decrease=0.0, min_impurity_split=None,
                       min_samples_leaf=1, min_samples_split=2,
                       min_weight_fraction_leaf=0.0, presort='deprecated',
                       random_state=948, splitter='best')
2021-05-14 02:57:17,576:INFO:create_model() succesfully completed......................................
2021-05-14 02:57:17,746:INFO:SubProcess create_model() end ==================================
2021-05-14 02:57:17,746:INFO:Creating metrics dataframe
2021-05-14 02:57:17,815:INFO:Initializing SVM - Linear Kernel
2021-05-14 02:57:17,816:INFO:Total runtime is 0.16991713841756184 minutes
2021-05-14 02:57:17,857:INFO:SubProcess create_model() called ==================================
2021-05-14 02:57:17,858:INFO:Initializing create_model()
2021-05-14 02:57:17,858:INFO:create_model(kwargs={}, display=<pycaret.internal.Display.Display object at 0x0000022F08571F28>, metrics=None, system=False, verbose=False, refit=False, groups=None, fit_kwargs={}, predict=True, cross_validation=True, round=4, fold=StratifiedKFold(n_splits=10, random_state=None, shuffle=False), estimator=svm)
2021-05-14 02:57:17,858:INFO:Checking exceptions
2021-05-14 02:57:17,858:INFO:Importing libraries
2021-05-14 02:57:17,858:INFO:Copying training dataset
2021-05-14 02:57:17,860:INFO:Defining folds
2021-05-14 02:57:17,861:INFO:Declaring metric variables
2021-05-14 02:57:17,892:INFO:Importing untrained model
2021-05-14 02:57:17,925:INFO:SVM - Linear Kernel Imported succesfully
2021-05-14 02:57:17,975:INFO:Starting cross validation
2021-05-14 02:57:17,977:INFO:Cross validating with StratifiedKFold(n_splits=10, random_state=None, shuffle=False), n_jobs=-1
2021-05-14 02:57:19,048:INFO:Calculating mean and std
2021-05-14 02:57:19,051:INFO:Creating metrics dataframe
2021-05-14 02:57:19,063:INFO:Uploading results into container
2021-05-14 02:57:19,064:INFO:Uploading model into container now
2021-05-14 02:57:19,064:INFO:create_model_container: 5
2021-05-14 02:57:19,064:INFO:master_model_container: 5
2021-05-14 02:57:19,065:INFO:display_container: 2
2021-05-14 02:57:19,066:INFO:SGDClassifier(alpha=0.0001, average=False, class_weight=None,
              early_stopping=False, epsilon=0.1, eta0=0.001, fit_intercept=True,
              l1_ratio=0.15, learning_rate='optimal', loss='hinge',
              max_iter=1000, n_iter_no_change=5, n_jobs=-1, penalty='l2',
              power_t=0.5, random_state=948, shuffle=True, tol=0.001,
              validation_fraction=0.1, verbose=0, warm_start=False)
2021-05-14 02:57:19,066:INFO:create_model() succesfully completed......................................
2021-05-14 02:57:19,214:INFO:SubProcess create_model() end ==================================
2021-05-14 02:57:19,214:INFO:Creating metrics dataframe
2021-05-14 02:57:19,279:INFO:Initializing Ridge Classifier
2021-05-14 02:57:19,280:INFO:Total runtime is 0.19431940714518228 minutes
2021-05-14 02:57:19,299:INFO:SubProcess create_model() called ==================================
2021-05-14 02:57:19,301:INFO:Initializing create_model()
2021-05-14 02:57:19,301:INFO:create_model(kwargs={}, display=<pycaret.internal.Display.Display object at 0x0000022F08571F28>, metrics=None, system=False, verbose=False, refit=False, groups=None, fit_kwargs={}, predict=True, cross_validation=True, round=4, fold=StratifiedKFold(n_splits=10, random_state=None, shuffle=False), estimator=ridge)
2021-05-14 02:57:19,301:INFO:Checking exceptions
2021-05-14 02:57:19,301:INFO:Importing libraries
2021-05-14 02:57:19,301:INFO:Copying training dataset
2021-05-14 02:57:19,303:INFO:Defining folds
2021-05-14 02:57:19,304:INFO:Declaring metric variables
2021-05-14 02:57:19,323:INFO:Importing untrained model
2021-05-14 02:57:19,344:INFO:Ridge Classifier Imported succesfully
2021-05-14 02:57:19,397:INFO:Starting cross validation
2021-05-14 02:57:19,399:INFO:Cross validating with StratifiedKFold(n_splits=10, random_state=None, shuffle=False), n_jobs=-1
2021-05-14 02:57:19,624:INFO:Calculating mean and std
2021-05-14 02:57:19,626:INFO:Creating metrics dataframe
2021-05-14 02:57:19,639:INFO:Uploading results into container
2021-05-14 02:57:19,639:INFO:Uploading model into container now
2021-05-14 02:57:19,639:INFO:create_model_container: 6
2021-05-14 02:57:19,640:INFO:master_model_container: 6
2021-05-14 02:57:19,640:INFO:display_container: 2
2021-05-14 02:57:19,640:INFO:RidgeClassifier(alpha=1.0, class_weight=None, copy_X=True, fit_intercept=True,
                max_iter=None, normalize=False, random_state=948, solver='auto',
                tol=0.001)
2021-05-14 02:57:19,641:INFO:create_model() succesfully completed......................................
2021-05-14 02:57:19,749:INFO:SubProcess create_model() end ==================================
2021-05-14 02:57:19,749:INFO:Creating metrics dataframe
2021-05-14 02:57:19,811:INFO:Initializing Random Forest Classifier
2021-05-14 02:57:19,812:INFO:Total runtime is 0.20318257808685303 minutes
2021-05-14 02:57:19,834:INFO:SubProcess create_model() called ==================================
2021-05-14 02:57:19,835:INFO:Initializing create_model()
2021-05-14 02:57:19,835:INFO:create_model(kwargs={}, display=<pycaret.internal.Display.Display object at 0x0000022F08571F28>, metrics=None, system=False, verbose=False, refit=False, groups=None, fit_kwargs={}, predict=True, cross_validation=True, round=4, fold=StratifiedKFold(n_splits=10, random_state=None, shuffle=False), estimator=rf)
2021-05-14 02:57:19,835:INFO:Checking exceptions
2021-05-14 02:57:19,836:INFO:Importing libraries
2021-05-14 02:57:19,836:INFO:Copying training dataset
2021-05-14 02:57:19,837:INFO:Defining folds
2021-05-14 02:57:19,838:INFO:Declaring metric variables
2021-05-14 02:57:19,864:INFO:Importing untrained model
2021-05-14 02:57:19,885:INFO:Random Forest Classifier Imported succesfully
2021-05-14 02:57:19,927:INFO:Starting cross validation
2021-05-14 02:57:19,928:INFO:Cross validating with StratifiedKFold(n_splits=10, random_state=None, shuffle=False), n_jobs=-1
2021-05-14 02:57:22,411:INFO:Calculating mean and std
2021-05-14 02:57:22,415:INFO:Creating metrics dataframe
2021-05-14 02:57:22,429:INFO:Uploading results into container
2021-05-14 02:57:22,429:INFO:Uploading model into container now
2021-05-14 02:57:22,429:INFO:create_model_container: 7
2021-05-14 02:57:22,429:INFO:master_model_container: 7
2021-05-14 02:57:22,429:INFO:display_container: 2
2021-05-14 02:57:22,430:INFO:RandomForestClassifier(bootstrap=True, ccp_alpha=0.0, class_weight=None,
                       criterion='gini', max_depth=None, max_features='auto',
                       max_leaf_nodes=None, max_samples=None,
                       min_impurity_decrease=0.0, min_impurity_split=None,
                       min_samples_leaf=1, min_samples_split=2,
                       min_weight_fraction_leaf=0.0, n_estimators=100,
                       n_jobs=-1, oob_score=False, random_state=948, verbose=0,
                       warm_start=False)
2021-05-14 02:57:22,430:INFO:create_model() succesfully completed......................................
2021-05-14 02:57:22,555:INFO:SubProcess create_model() end ==================================
2021-05-14 02:57:22,555:INFO:Creating metrics dataframe
2021-05-14 02:57:22,625:INFO:Initializing Quadratic Discriminant Analysis
2021-05-14 02:57:22,625:INFO:Total runtime is 0.2500671823819478 minutes
2021-05-14 02:57:22,657:INFO:SubProcess create_model() called ==================================
2021-05-14 02:57:22,661:INFO:Initializing create_model()
2021-05-14 02:57:22,661:INFO:create_model(kwargs={}, display=<pycaret.internal.Display.Display object at 0x0000022F08571F28>, metrics=None, system=False, verbose=False, refit=False, groups=None, fit_kwargs={}, predict=True, cross_validation=True, round=4, fold=StratifiedKFold(n_splits=10, random_state=None, shuffle=False), estimator=qda)
2021-05-14 02:57:22,661:INFO:Checking exceptions
2021-05-14 02:57:22,662:INFO:Importing libraries
2021-05-14 02:57:22,662:INFO:Copying training dataset
2021-05-14 02:57:22,663:INFO:Defining folds
2021-05-14 02:57:22,664:INFO:Declaring metric variables
2021-05-14 02:57:22,691:INFO:Importing untrained model
2021-05-14 02:57:22,713:INFO:Quadratic Discriminant Analysis Imported succesfully
2021-05-14 02:57:22,775:INFO:Starting cross validation
2021-05-14 02:57:22,776:INFO:Cross validating with StratifiedKFold(n_splits=10, random_state=None, shuffle=False), n_jobs=-1
2021-05-14 02:57:23,003:INFO:Calculating mean and std
2021-05-14 02:57:23,005:INFO:Creating metrics dataframe
2021-05-14 02:57:23,018:INFO:Uploading results into container
2021-05-14 02:57:23,018:INFO:Uploading model into container now
2021-05-14 02:57:23,019:INFO:create_model_container: 8
2021-05-14 02:57:23,019:INFO:master_model_container: 8
2021-05-14 02:57:23,019:INFO:display_container: 2
2021-05-14 02:57:23,020:INFO:QuadraticDiscriminantAnalysis(priors=None, reg_param=0.0,
                              store_covariance=False, tol=0.0001)
2021-05-14 02:57:23,020:INFO:create_model() succesfully completed......................................
2021-05-14 02:57:23,138:INFO:SubProcess create_model() end ==================================
2021-05-14 02:57:23,138:INFO:Creating metrics dataframe
2021-05-14 02:57:23,218:INFO:Initializing Ada Boost Classifier
2021-05-14 02:57:23,218:INFO:Total runtime is 0.25996239980061847 minutes
2021-05-14 02:57:23,246:INFO:SubProcess create_model() called ==================================
2021-05-14 02:57:23,246:INFO:Initializing create_model()
2021-05-14 02:57:23,247:INFO:create_model(kwargs={}, display=<pycaret.internal.Display.Display object at 0x0000022F08571F28>, metrics=None, system=False, verbose=False, refit=False, groups=None, fit_kwargs={}, predict=True, cross_validation=True, round=4, fold=StratifiedKFold(n_splits=10, random_state=None, shuffle=False), estimator=ada)
2021-05-14 02:57:23,247:INFO:Checking exceptions
2021-05-14 02:57:23,247:INFO:Importing libraries
2021-05-14 02:57:23,247:INFO:Copying training dataset
2021-05-14 02:57:23,249:INFO:Defining folds
2021-05-14 02:57:23,249:INFO:Declaring metric variables
2021-05-14 02:57:23,272:INFO:Importing untrained model
2021-05-14 02:57:23,295:INFO:Ada Boost Classifier Imported succesfully
2021-05-14 02:57:23,338:INFO:Starting cross validation
2021-05-14 02:57:23,342:INFO:Cross validating with StratifiedKFold(n_splits=10, random_state=None, shuffle=False), n_jobs=-1
2021-05-14 02:57:24,290:INFO:Calculating mean and std
2021-05-14 02:57:24,292:INFO:Creating metrics dataframe
2021-05-14 02:57:24,305:INFO:Uploading results into container
2021-05-14 02:57:24,306:INFO:Uploading model into container now
2021-05-14 02:57:24,306:INFO:create_model_container: 9
2021-05-14 02:57:24,306:INFO:master_model_container: 9
2021-05-14 02:57:24,306:INFO:display_container: 2
2021-05-14 02:57:24,307:INFO:AdaBoostClassifier(algorithm='SAMME.R', base_estimator=None, learning_rate=1.0,
                   n_estimators=50, random_state=948)
2021-05-14 02:57:24,307:INFO:create_model() succesfully completed......................................
2021-05-14 02:57:24,474:INFO:SubProcess create_model() end ==================================
2021-05-14 02:57:24,474:INFO:Creating metrics dataframe
2021-05-14 02:57:24,537:INFO:Initializing Gradient Boosting Classifier
2021-05-14 02:57:24,537:INFO:Total runtime is 0.2819419980049133 minutes
2021-05-14 02:57:24,552:INFO:SubProcess create_model() called ==================================
2021-05-14 02:57:24,553:INFO:Initializing create_model()
2021-05-14 02:57:24,553:INFO:create_model(kwargs={}, display=<pycaret.internal.Display.Display object at 0x0000022F08571F28>, metrics=None, system=False, verbose=False, refit=False, groups=None, fit_kwargs={}, predict=True, cross_validation=True, round=4, fold=StratifiedKFold(n_splits=10, random_state=None, shuffle=False), estimator=gbc)
2021-05-14 02:57:24,553:INFO:Checking exceptions
2021-05-14 02:57:24,554:INFO:Importing libraries
2021-05-14 02:57:24,554:INFO:Copying training dataset
2021-05-14 02:57:24,556:INFO:Defining folds
2021-05-14 02:57:24,556:INFO:Declaring metric variables
2021-05-14 02:57:24,574:INFO:Importing untrained model
2021-05-14 02:57:24,595:INFO:Gradient Boosting Classifier Imported succesfully
2021-05-14 02:57:24,628:INFO:Starting cross validation
2021-05-14 02:57:24,629:INFO:Cross validating with StratifiedKFold(n_splits=10, random_state=None, shuffle=False), n_jobs=-1
2021-05-14 02:57:25,162:INFO:Calculating mean and std
2021-05-14 02:57:25,164:INFO:Creating metrics dataframe
2021-05-14 02:57:25,176:INFO:Uploading results into container
2021-05-14 02:57:25,176:INFO:Uploading model into container now
2021-05-14 02:57:25,176:INFO:create_model_container: 1
2021-05-14 02:57:25,176:INFO:master_model_container: 1
2021-05-14 02:57:25,176:INFO:display_container: 2
2021-05-14 02:57:25,177:INFO:LogisticRegression(C=1.0, class_weight=None, dual=False, fit_intercept=True,
                   intercept_scaling=1, l1_ratio=None, max_iter=1000,
                   multi_class='auto', n_jobs=None, penalty='l2',
                   random_state=337, solver='lbfgs', tol=0.0001, verbose=0,
                   warm_start=False)
2021-05-14 02:57:25,177:INFO:create_model() succesfully completed......................................
2021-05-14 02:57:25,336:INFO:SubProcess create_model() end ==================================
2021-05-14 02:57:25,336:INFO:Creating metrics dataframe
2021-05-14 02:57:25,412:INFO:Initializing K Neighbors Classifier
2021-05-14 02:57:25,412:INFO:Total runtime is 0.14272210597991944 minutes
2021-05-14 02:57:25,431:INFO:SubProcess create_model() called ==================================
2021-05-14 02:57:25,432:INFO:Initializing create_model()
2021-05-14 02:57:25,432:INFO:create_model(kwargs={}, display=<pycaret.internal.Display.Display object at 0x0000028088516CC0>, metrics=None, system=False, verbose=False, refit=False, groups=None, fit_kwargs={}, predict=True, cross_validation=True, round=4, fold=StratifiedKFold(n_splits=10, random_state=None, shuffle=False), estimator=knn)
2021-05-14 02:57:25,432:INFO:Checking exceptions
2021-05-14 02:57:25,432:INFO:Importing libraries
2021-05-14 02:57:25,433:INFO:Copying training dataset
2021-05-14 02:57:25,435:INFO:Defining folds
2021-05-14 02:57:25,435:INFO:Declaring metric variables
2021-05-14 02:57:25,453:INFO:Importing untrained model
2021-05-14 02:57:25,474:INFO:K Neighbors Classifier Imported succesfully
2021-05-14 02:57:25,512:INFO:Starting cross validation
2021-05-14 02:57:25,512:INFO:Cross validating with StratifiedKFold(n_splits=10, random_state=None, shuffle=False), n_jobs=-1
2021-05-14 02:57:26,315:INFO:Calculating mean and std
2021-05-14 02:57:26,316:INFO:Creating metrics dataframe
2021-05-14 02:57:26,325:INFO:Uploading results into container
2021-05-14 02:57:26,325:INFO:Uploading model into container now
2021-05-14 02:57:26,325:INFO:create_model_container: 10
2021-05-14 02:57:26,325:INFO:master_model_container: 10
2021-05-14 02:57:26,325:INFO:display_container: 2
2021-05-14 02:57:26,326:INFO:GradientBoostingClassifier(ccp_alpha=0.0, criterion='friedman_mse', init=None,
                           learning_rate=0.1, loss='deviance', max_depth=3,
                           max_features=None, max_leaf_nodes=None,
                           min_impurity_decrease=0.0, min_impurity_split=None,
                           min_samples_leaf=1, min_samples_split=2,
                           min_weight_fraction_leaf=0.0, n_estimators=100,
                           n_iter_no_change=None, presort='deprecated',
                           random_state=948, subsample=1.0, tol=0.0001,
                           validation_fraction=0.1, verbose=0,
                           warm_start=False)
2021-05-14 02:57:26,327:INFO:create_model() succesfully completed......................................
2021-05-14 02:57:26,421:INFO:SubProcess create_model() end ==================================
2021-05-14 02:57:26,421:INFO:Creating metrics dataframe
2021-05-14 02:57:26,457:INFO:Initializing Linear Discriminant Analysis
2021-05-14 02:57:26,457:INFO:Total runtime is 0.3139453609784444 minutes
2021-05-14 02:57:26,471:INFO:SubProcess create_model() called ==================================
2021-05-14 02:57:26,471:INFO:Initializing create_model()
2021-05-14 02:57:26,471:INFO:create_model(kwargs={}, display=<pycaret.internal.Display.Display object at 0x0000022F08571F28>, metrics=None, system=False, verbose=False, refit=False, groups=None, fit_kwargs={}, predict=True, cross_validation=True, round=4, fold=StratifiedKFold(n_splits=10, random_state=None, shuffle=False), estimator=lda)
2021-05-14 02:57:26,471:INFO:Checking exceptions
2021-05-14 02:57:26,471:INFO:Importing libraries
2021-05-14 02:57:26,471:INFO:Copying training dataset
2021-05-14 02:57:26,473:INFO:Defining folds
2021-05-14 02:57:26,473:INFO:Declaring metric variables
2021-05-14 02:57:26,484:INFO:Importing untrained model
2021-05-14 02:57:26,497:INFO:Linear Discriminant Analysis Imported succesfully
2021-05-14 02:57:26,520:INFO:Starting cross validation
2021-05-14 02:57:26,521:INFO:Cross validating with StratifiedKFold(n_splits=10, random_state=None, shuffle=False), n_jobs=-1
2021-05-14 02:57:26,661:INFO:Calculating mean and std
2021-05-14 02:57:26,662:INFO:Creating metrics dataframe
2021-05-14 02:57:26,667:INFO:Uploading results into container
2021-05-14 02:57:26,667:INFO:Uploading model into container now
2021-05-14 02:57:26,667:INFO:create_model_container: 11
2021-05-14 02:57:26,667:INFO:master_model_container: 11
2021-05-14 02:57:26,668:INFO:display_container: 2
2021-05-14 02:57:26,668:INFO:LinearDiscriminantAnalysis(n_components=None, priors=None, shrinkage=None,
                           solver='svd', store_covariance=False, tol=0.0001)
2021-05-14 02:57:26,668:INFO:create_model() succesfully completed......................................
2021-05-14 02:57:26,755:INFO:SubProcess create_model() end ==================================
2021-05-14 02:57:26,755:INFO:Creating metrics dataframe
2021-05-14 02:57:26,789:INFO:Initializing Extra Trees Classifier
2021-05-14 02:57:26,790:INFO:Total runtime is 0.3194937109947204 minutes
2021-05-14 02:57:26,804:INFO:SubProcess create_model() called ==================================
2021-05-14 02:57:26,804:INFO:Initializing create_model()
2021-05-14 02:57:26,804:INFO:create_model(kwargs={}, display=<pycaret.internal.Display.Display object at 0x0000022F08571F28>, metrics=None, system=False, verbose=False, refit=False, groups=None, fit_kwargs={}, predict=True, cross_validation=True, round=4, fold=StratifiedKFold(n_splits=10, random_state=None, shuffle=False), estimator=et)
2021-05-14 02:57:26,804:INFO:Checking exceptions
2021-05-14 02:57:26,804:INFO:Importing libraries
2021-05-14 02:57:26,805:INFO:Copying training dataset
2021-05-14 02:57:26,805:INFO:Defining folds
2021-05-14 02:57:26,806:INFO:Declaring metric variables
2021-05-14 02:57:26,815:INFO:Importing untrained model
2021-05-14 02:57:26,824:INFO:Extra Trees Classifier Imported succesfully
2021-05-14 02:57:26,842:INFO:Starting cross validation
2021-05-14 02:57:26,843:INFO:Cross validating with StratifiedKFold(n_splits=10, random_state=None, shuffle=False), n_jobs=-1
2021-05-14 02:57:28,116:INFO:Calculating mean and std
2021-05-14 02:57:28,118:INFO:Creating metrics dataframe
2021-05-14 02:57:28,126:INFO:Uploading results into container
2021-05-14 02:57:28,127:INFO:Uploading model into container now
2021-05-14 02:57:28,127:INFO:create_model_container: 12
2021-05-14 02:57:28,127:INFO:master_model_container: 12
2021-05-14 02:57:28,127:INFO:display_container: 2
2021-05-14 02:57:28,128:INFO:ExtraTreesClassifier(bootstrap=False, ccp_alpha=0.0, class_weight=None,
                     criterion='gini', max_depth=None, max_features='auto',
                     max_leaf_nodes=None, max_samples=None,
                     min_impurity_decrease=0.0, min_impurity_split=None,
                     min_samples_leaf=1, min_samples_split=2,
                     min_weight_fraction_leaf=0.0, n_estimators=100, n_jobs=-1,
                     oob_score=False, random_state=948, verbose=0,
                     warm_start=False)
2021-05-14 02:57:28,128:INFO:create_model() succesfully completed......................................
2021-05-14 02:57:28,210:INFO:SubProcess create_model() end ==================================
2021-05-14 02:57:28,210:INFO:Creating metrics dataframe
2021-05-14 02:57:28,244:INFO:Initializing Light Gradient Boosting Machine
2021-05-14 02:57:28,244:INFO:Total runtime is 0.34371533791224157 minutes
2021-05-14 02:57:28,255:INFO:SubProcess create_model() called ==================================
2021-05-14 02:57:28,255:INFO:Initializing create_model()
2021-05-14 02:57:28,255:INFO:create_model(kwargs={}, display=<pycaret.internal.Display.Display object at 0x0000022F08571F28>, metrics=None, system=False, verbose=False, refit=False, groups=None, fit_kwargs={}, predict=True, cross_validation=True, round=4, fold=StratifiedKFold(n_splits=10, random_state=None, shuffle=False), estimator=lightgbm)
2021-05-14 02:57:28,256:INFO:Checking exceptions
2021-05-14 02:57:28,256:INFO:Importing libraries
2021-05-14 02:57:28,256:INFO:Copying training dataset
2021-05-14 02:57:28,257:INFO:Defining folds
2021-05-14 02:57:28,257:INFO:Declaring metric variables
2021-05-14 02:57:28,267:INFO:Importing untrained model
2021-05-14 02:57:28,278:INFO:Light Gradient Boosting Machine Imported succesfully
2021-05-14 02:57:28,297:INFO:Starting cross validation
2021-05-14 02:57:28,298:INFO:Cross validating with StratifiedKFold(n_splits=10, random_state=None, shuffle=False), n_jobs=-1
