2021-05-14 12:39:05,897:INFO:PyCaret Supervised Module
2021-05-14 12:39:05,898:INFO:ML Usecase: classification
2021-05-14 12:39:05,898:INFO:version 2.3.0
2021-05-14 12:39:05,898:INFO:Initializing setup()
2021-05-14 12:39:05,898:INFO:setup(display=None, profile_kwargs=None, profile=False, verbose=False, silent=True, log_data=False, log_profile=False, log_plots=False, experiment_name=None, log_experiment=False, session_id=None, html=True, custom_pipeline=None, use_gpu=False, n_jobs=-1, fold_groups=None, fold_shuffle=False, fold=10, fold_strategy=stratifiedkfold, data_split_stratify=False, data_split_shuffle=True, transform_target_method=box-cox, transform_target=False, fix_imbalance_method=None, fix_imbalance=False, interaction_threshold=0.01, feature_ratio=False, feature_interaction=False, feature_selection_method=classic, feature_selection_threshold=0.8, feature_selection=False, group_names=None, group_features=None, polynomial_threshold=0.1, trigonometry_features=False, polynomial_degree=2, polynomial_features=False, cluster_iter=20, create_clusters=False, remove_perfect_collinearity=True, multicollinearity_threshold=0.9, remove_multicollinearity=False, outliers_threshold=0.05, remove_outliers=False, bin_numeric_features=None, rare_level_threshold=0.1, combine_rare_levels=False, ignore_low_variance=True, pca_components=None, pca_method=linear, pca=False, unknown_categorical_method=least_frequent, handle_unknown_categorical=True, transformation_method=yeo-johnson, transformation=False, normalize_method=zscore, normalize=False, ignore_features=None, date_features=None, numeric_iterative_imputer=lightgbm, numeric_imputation=mean, numeric_features=['age', 'bmi'], high_cardinality_method=frequency, high_cardinality_features=None, ordinal_features={'children': ['0', '1', '2', '3', '4', '5']}, categorical_iterative_imputer=lightgbm, categorical_imputation=constant, categorical_features=['region', 'smoker', 'sex'], iterative_imputation_iters=5, imputation_type=simple, preprocess=True, test_data=      age     sex     bmi  children smoker     region  charges
764    45  female  25.175         2     no  northeast        1
887    36  female  30.020         0     no  northwest        1
890    64  female  26.885         0    yes  northwest        3
1293   46    male  25.745         3     no  northwest        2
259    19    male  31.920         0    yes  northwest        3
...   ...     ...     ...       ...    ...        ...      ...
588    61  female  35.910         0     no  northeast        2
872    42    male  24.860         0     no  southeast        1
914    33    male  24.605         2     no  northwest        1
679    49  female  23.180         2     no  northwest        2
256    56    male  33.630         0    yes  northwest        3

[536 rows x 7 columns], train_size=0.7, available_plots={'parameter': 'Hyperparameters', 'auc': 'AUC', 'confusion_matrix': 'Confusion Matrix', 'threshold': 'Threshold', 'pr': 'Precision Recall', 'error': 'Prediction Error', 'class_report': 'Class Report', 'rfe': 'Feature Selection', 'learning': 'Learning Curve', 'manifold': 'Manifold Learning', 'calibration': 'Calibration Curve', 'vc': 'Validation Curve', 'dimension': 'Dimensions', 'feature': 'Feature Importance', 'feature_all': 'Feature Importance (All)', 'boundary': 'Decision Boundary', 'lift': 'Lift Chart', 'gain': 'Gain Chart', 'tree': 'Decision Tree'}, ml_usecase=classification, target=charges)
2021-05-14 12:39:05,907:INFO:Checking environment
2021-05-14 12:39:05,907:INFO:python_version: 3.6.12
2021-05-14 12:39:05,907:INFO:python_build: ('default', 'Sep  9 2020 00:29:25')
2021-05-14 12:39:05,907:INFO:machine: AMD64
2021-05-14 12:39:05,907:INFO:platform: Windows-10-10.0.18362-SP0
2021-05-14 12:39:05,908:WARNING:cannot find psutil installation. memory not traceable. Install psutil using pip to enable memory logging.
2021-05-14 12:39:05,908:INFO:Checking libraries
2021-05-14 12:39:05,908:INFO:pd==1.1.4
2021-05-14 12:39:05,908:INFO:numpy==1.19.5
2021-05-14 12:39:05,909:INFO:sklearn==0.23.2
2021-05-14 12:39:05,909:INFO:lightgbm==3.1.1
2021-05-14 12:39:05,909:WARNING:catboost not found
2021-05-14 12:39:05,910:WARNING:xgboost not found
2021-05-14 12:39:06,381:INFO:mlflow==1.14.1
2021-05-14 12:39:06,382:INFO:Checking Exceptions
2021-05-14 12:39:06,382:INFO:Declaring global variables
2021-05-14 12:39:06,383:INFO:USI: 4ef0
2021-05-14 12:39:06,383:INFO:pycaret_globals: {'_internal_pipeline', 'create_model_container', '_ml_usecase', 'prep_pipe', 'y_train', 'pycaret_globals', '_gpu_n_jobs_param', 'stratify_param', 'seed', 'imputation_regressor', '_all_models_internal', 'fold_shuffle_param', 'imputation_classifier', 'experiment__', 'logging_param', 'fold_param', '_available_plots', 'iterative_imputation_iters_param', 'gpu_param', 'X_test', 'target_param', 'fold_generator', 'n_jobs_param', 'X', 'display_container', 'log_plots_param', 'data_before_preprocess', 'transform_target_param', 'exp_name_log', 'master_model_container', '_all_models', 'transform_target_method_param', 'y_test', 'y', 'fix_imbalance_param', 'html_param', 'fold_groups_param', 'USI', '_all_metrics', 'X_train', 'fix_imbalance_method_param'}
2021-05-14 12:39:06,383:INFO:Preparing display monitor
2021-05-14 12:39:06,383:INFO:Importing libraries
2021-05-14 12:39:06,383:INFO:Copying data for preprocessing
2021-05-14 12:39:06,383:INFO:Declaring preprocessing parameters
2021-05-14 12:39:06,385:INFO:Creating preprocessing pipeline
2021-05-14 12:39:06,394:INFO:Preprocessing pipeline created successfully
2021-05-14 12:39:06,394:ERROR:(Process Exit): setup has been interupted with user command 'quit'. setup must rerun.
2021-05-14 12:39:06,394:INFO:Creating global containers
2021-05-14 12:39:06,395:INFO:Internal pipeline: Pipeline(memory=None, steps=[('empty_step', 'passthrough')], verbose=False)
2021-05-14 12:39:06,781:WARNING:Couldn't import xgboost.XGBClassifier
2021-05-14 12:39:06,782:WARNING:Couldn't import catboost.CatBoostClassifier
2021-05-14 12:39:06,877:WARNING:Couldn't import xgboost.XGBClassifier
2021-05-14 12:39:06,878:WARNING:Couldn't import catboost.CatBoostClassifier
2021-05-14 12:39:06,880:INFO:Creating grid variables
2021-05-14 12:39:06,883:INFO:create_model_container: 0
2021-05-14 12:39:06,883:INFO:master_model_container: 0
2021-05-14 12:39:06,883:INFO:display_container: 1
2021-05-14 12:39:06,891:INFO:Pipeline(memory=None,
         steps=[('dtypes',
                 DataTypes_Auto_infer(categorical_features=['region', 'smoker',
                                                            'sex'],
                                      display_types=False, features_todrop=[],
                                      id_columns=[],
                                      ml_usecase='classification',
                                      numerical_features=['age', 'bmi'],
                                      target='charges', time_features=[])),
                ('imputer',
                 Simple_Imputer(categorical_strategy='not_available',
                                fill_value_categorical=None,
                                fil...
                ('scaling', 'passthrough'), ('P_transform', 'passthrough'),
                ('binn', 'passthrough'), ('rem_outliers', 'passthrough'),
                ('cluster_all', 'passthrough'),
                ('dummy', Dummify(target='charges')),
                ('fix_perfect', Remove_100(target='charges')),
                ('clean_names', Clean_Colum_Names()),
                ('feature_select', 'passthrough'), ('fix_multi', 'passthrough'),
                ('dfs', 'passthrough'), ('pca', 'passthrough')],
         verbose=False)
2021-05-14 12:39:06,891:INFO:setup() succesfully completed......................................
2021-05-14 12:39:07,056:INFO:Initializing compare_models()
2021-05-14 12:39:07,056:INFO:compare_models(display=None, verbose=True, groups=None, fit_kwargs=None, errors=ignore, turbo=True, budget_time=None, n_select=1, sort=Accuracy, cross_validation=True, round=4, fold=None, include=None, exclude=None)
2021-05-14 12:39:07,056:INFO:Checking exceptions
2021-05-14 12:39:07,057:INFO:Preparing display monitor
2021-05-14 12:39:07,057:INFO:Preparing display monitor
2021-05-14 12:39:07,101:INFO:Initializing Logistic Regression
2021-05-14 12:39:07,101:INFO:Total runtime is 0.0 minutes
2021-05-14 12:39:07,114:INFO:SubProcess create_model() called ==================================
2021-05-14 12:39:07,115:INFO:Initializing create_model()
2021-05-14 12:39:07,115:INFO:create_model(kwargs={}, display=<pycaret.internal.Display.Display object at 0x0000024988581160>, metrics=None, system=False, verbose=False, refit=False, groups=None, fit_kwargs={}, predict=True, cross_validation=True, round=4, fold=StratifiedKFold(n_splits=10, random_state=None, shuffle=False), estimator=lr)
2021-05-14 12:39:07,115:INFO:Checking exceptions
2021-05-14 12:39:07,115:INFO:Importing libraries
2021-05-14 12:39:07,115:INFO:Copying training dataset
2021-05-14 12:39:07,116:INFO:Defining folds
2021-05-14 12:39:07,117:INFO:Declaring metric variables
2021-05-14 12:39:07,127:INFO:Importing untrained model
2021-05-14 12:39:07,140:INFO:Logistic Regression Imported succesfully
2021-05-14 12:39:07,168:INFO:Starting cross validation
2021-05-14 12:39:07,168:INFO:Cross validating with StratifiedKFold(n_splits=10, random_state=None, shuffle=False), n_jobs=-1
2021-05-14 12:39:15,456:INFO:Calculating mean and std
2021-05-14 12:39:15,458:INFO:Creating metrics dataframe
2021-05-14 12:39:15,470:INFO:Uploading results into container
2021-05-14 12:39:15,470:INFO:Uploading model into container now
2021-05-14 12:39:15,470:INFO:create_model_container: 1
2021-05-14 12:39:15,470:INFO:master_model_container: 1
2021-05-14 12:39:15,470:INFO:display_container: 2
2021-05-14 12:39:15,471:INFO:LogisticRegression(C=1.0, class_weight=None, dual=False, fit_intercept=True,
                   intercept_scaling=1, l1_ratio=None, max_iter=1000,
                   multi_class='auto', n_jobs=None, penalty='l2',
                   random_state=1309, solver='lbfgs', tol=0.0001, verbose=0,
                   warm_start=False)
2021-05-14 12:39:15,471:INFO:create_model() succesfully completed......................................
2021-05-14 12:39:15,568:INFO:SubProcess create_model() end ==================================
2021-05-14 12:39:15,568:INFO:Creating metrics dataframe
2021-05-14 12:39:15,608:INFO:Initializing K Neighbors Classifier
2021-05-14 12:39:15,608:INFO:Total runtime is 0.1417797883351644 minutes
2021-05-14 12:39:15,619:INFO:SubProcess create_model() called ==================================
2021-05-14 12:39:15,620:INFO:Initializing create_model()
2021-05-14 12:39:15,620:INFO:create_model(kwargs={}, display=<pycaret.internal.Display.Display object at 0x0000024988581160>, metrics=None, system=False, verbose=False, refit=False, groups=None, fit_kwargs={}, predict=True, cross_validation=True, round=4, fold=StratifiedKFold(n_splits=10, random_state=None, shuffle=False), estimator=knn)
2021-05-14 12:39:15,620:INFO:Checking exceptions
2021-05-14 12:39:15,621:INFO:Importing libraries
2021-05-14 12:39:15,621:INFO:Copying training dataset
2021-05-14 12:39:15,622:INFO:Defining folds
2021-05-14 12:39:15,623:INFO:Declaring metric variables
2021-05-14 12:39:15,638:INFO:Importing untrained model
2021-05-14 12:39:15,652:INFO:K Neighbors Classifier Imported succesfully
2021-05-14 12:39:15,678:INFO:Starting cross validation
2021-05-14 12:39:15,678:INFO:Cross validating with StratifiedKFold(n_splits=10, random_state=None, shuffle=False), n_jobs=-1
2021-05-14 12:39:18,424:INFO:Calculating mean and std
2021-05-14 12:39:18,426:INFO:Creating metrics dataframe
2021-05-14 12:39:18,432:INFO:Uploading results into container
2021-05-14 12:39:18,432:INFO:Uploading model into container now
2021-05-14 12:39:18,433:INFO:create_model_container: 2
2021-05-14 12:39:18,433:INFO:master_model_container: 2
2021-05-14 12:39:18,433:INFO:display_container: 2
2021-05-14 12:39:18,433:INFO:KNeighborsClassifier(algorithm='auto', leaf_size=30, metric='minkowski',
                     metric_params=None, n_jobs=-1, n_neighbors=5, p=2,
                     weights='uniform')
2021-05-14 12:39:18,433:INFO:create_model() succesfully completed......................................
2021-05-14 12:39:18,518:INFO:SubProcess create_model() end ==================================
2021-05-14 12:39:18,519:INFO:Creating metrics dataframe
2021-05-14 12:39:18,548:INFO:Initializing Naive Bayes
2021-05-14 12:39:18,548:INFO:Total runtime is 0.19077882369359334 minutes
2021-05-14 12:39:18,559:INFO:SubProcess create_model() called ==================================
2021-05-14 12:39:18,560:INFO:Initializing create_model()
2021-05-14 12:39:18,560:INFO:create_model(kwargs={}, display=<pycaret.internal.Display.Display object at 0x0000024988581160>, metrics=None, system=False, verbose=False, refit=False, groups=None, fit_kwargs={}, predict=True, cross_validation=True, round=4, fold=StratifiedKFold(n_splits=10, random_state=None, shuffle=False), estimator=nb)
2021-05-14 12:39:18,560:INFO:Checking exceptions
2021-05-14 12:39:18,560:INFO:Importing libraries
2021-05-14 12:39:18,560:INFO:Copying training dataset
2021-05-14 12:39:18,561:INFO:Defining folds
2021-05-14 12:39:18,562:INFO:Declaring metric variables
2021-05-14 12:39:18,576:INFO:Importing untrained model
2021-05-14 12:39:18,588:INFO:Naive Bayes Imported succesfully
2021-05-14 12:39:18,610:INFO:Starting cross validation
2021-05-14 12:39:18,611:INFO:Cross validating with StratifiedKFold(n_splits=10, random_state=None, shuffle=False), n_jobs=-1
2021-05-14 12:39:18,764:INFO:Calculating mean and std
2021-05-14 12:39:18,766:INFO:Creating metrics dataframe
2021-05-14 12:39:18,775:INFO:Uploading results into container
2021-05-14 12:39:18,776:INFO:Uploading model into container now
2021-05-14 12:39:18,776:INFO:create_model_container: 3
2021-05-14 12:39:18,776:INFO:master_model_container: 3
2021-05-14 12:39:18,776:INFO:display_container: 2
2021-05-14 12:39:18,777:INFO:GaussianNB(priors=None, var_smoothing=1e-09)
2021-05-14 12:39:18,777:INFO:create_model() succesfully completed......................................
2021-05-14 12:39:18,872:INFO:SubProcess create_model() end ==================================
2021-05-14 12:39:18,873:INFO:Creating metrics dataframe
2021-05-14 12:39:18,906:INFO:Initializing Decision Tree Classifier
2021-05-14 12:39:18,906:INFO:Total runtime is 0.19675595760345457 minutes
2021-05-14 12:39:18,918:INFO:SubProcess create_model() called ==================================
2021-05-14 12:39:18,918:INFO:Initializing create_model()
2021-05-14 12:39:18,918:INFO:create_model(kwargs={}, display=<pycaret.internal.Display.Display object at 0x0000024988581160>, metrics=None, system=False, verbose=False, refit=False, groups=None, fit_kwargs={}, predict=True, cross_validation=True, round=4, fold=StratifiedKFold(n_splits=10, random_state=None, shuffle=False), estimator=dt)
2021-05-14 12:39:18,918:INFO:Checking exceptions
2021-05-14 12:39:18,919:INFO:Importing libraries
2021-05-14 12:39:18,919:INFO:Copying training dataset
2021-05-14 12:39:18,920:INFO:Defining folds
2021-05-14 12:39:18,920:INFO:Declaring metric variables
2021-05-14 12:39:18,931:INFO:Importing untrained model
2021-05-14 12:39:18,946:INFO:Decision Tree Classifier Imported succesfully
2021-05-14 12:39:18,975:INFO:Starting cross validation
2021-05-14 12:39:18,976:INFO:Cross validating with StratifiedKFold(n_splits=10, random_state=None, shuffle=False), n_jobs=-1
2021-05-14 12:39:19,097:INFO:Calculating mean and std
2021-05-14 12:39:19,099:INFO:Creating metrics dataframe
2021-05-14 12:39:19,105:INFO:Uploading results into container
2021-05-14 12:39:19,105:INFO:Uploading model into container now
2021-05-14 12:39:19,105:INFO:create_model_container: 4
2021-05-14 12:39:19,105:INFO:master_model_container: 4
2021-05-14 12:39:19,105:INFO:display_container: 2
2021-05-14 12:39:19,106:INFO:DecisionTreeClassifier(ccp_alpha=0.0, class_weight=None, criterion='gini',
                       max_depth=None, max_features=None, max_leaf_nodes=None,
                       min_impurity_decrease=0.0, min_impurity_split=None,
                       min_samples_leaf=1, min_samples_split=2,
                       min_weight_fraction_leaf=0.0, presort='deprecated',
                       random_state=1309, splitter='best')
2021-05-14 12:39:19,106:INFO:create_model() succesfully completed......................................
2021-05-14 12:39:19,187:INFO:SubProcess create_model() end ==================================
2021-05-14 12:39:19,188:INFO:Creating metrics dataframe
2021-05-14 12:39:19,220:INFO:Initializing SVM - Linear Kernel
2021-05-14 12:39:19,220:INFO:Total runtime is 0.20198266108830767 minutes
2021-05-14 12:39:19,232:INFO:SubProcess create_model() called ==================================
2021-05-14 12:39:19,233:INFO:Initializing create_model()
2021-05-14 12:39:19,233:INFO:create_model(kwargs={}, display=<pycaret.internal.Display.Display object at 0x0000024988581160>, metrics=None, system=False, verbose=False, refit=False, groups=None, fit_kwargs={}, predict=True, cross_validation=True, round=4, fold=StratifiedKFold(n_splits=10, random_state=None, shuffle=False), estimator=svm)
2021-05-14 12:39:19,233:INFO:Checking exceptions
2021-05-14 12:39:19,233:INFO:Importing libraries
2021-05-14 12:39:19,233:INFO:Copying training dataset
2021-05-14 12:39:19,234:INFO:Defining folds
2021-05-14 12:39:19,235:INFO:Declaring metric variables
2021-05-14 12:39:19,247:INFO:Importing untrained model
2021-05-14 12:39:19,264:INFO:SVM - Linear Kernel Imported succesfully
2021-05-14 12:39:19,287:INFO:Starting cross validation
2021-05-14 12:39:19,288:INFO:Cross validating with StratifiedKFold(n_splits=10, random_state=None, shuffle=False), n_jobs=-1
2021-05-14 12:39:19,519:INFO:Calculating mean and std
2021-05-14 12:39:19,521:INFO:Creating metrics dataframe
2021-05-14 12:39:19,527:INFO:Uploading results into container
2021-05-14 12:39:19,527:INFO:Uploading model into container now
2021-05-14 12:39:19,527:INFO:create_model_container: 5
2021-05-14 12:39:19,527:INFO:master_model_container: 5
2021-05-14 12:39:19,527:INFO:display_container: 2
2021-05-14 12:39:19,528:INFO:SGDClassifier(alpha=0.0001, average=False, class_weight=None,
              early_stopping=False, epsilon=0.1, eta0=0.001, fit_intercept=True,
              l1_ratio=0.15, learning_rate='optimal', loss='hinge',
              max_iter=1000, n_iter_no_change=5, n_jobs=-1, penalty='l2',
              power_t=0.5, random_state=1309, shuffle=True, tol=0.001,
              validation_fraction=0.1, verbose=0, warm_start=False)
2021-05-14 12:39:19,528:INFO:create_model() succesfully completed......................................
2021-05-14 12:39:19,616:INFO:SubProcess create_model() end ==================================
2021-05-14 12:39:19,616:INFO:Creating metrics dataframe
2021-05-14 12:39:19,646:INFO:Initializing Ridge Classifier
2021-05-14 12:39:19,646:INFO:Total runtime is 0.20909199714660642 minutes
2021-05-14 12:39:19,658:INFO:SubProcess create_model() called ==================================
2021-05-14 12:39:19,658:INFO:Initializing create_model()
2021-05-14 12:39:19,658:INFO:create_model(kwargs={}, display=<pycaret.internal.Display.Display object at 0x0000024988581160>, metrics=None, system=False, verbose=False, refit=False, groups=None, fit_kwargs={}, predict=True, cross_validation=True, round=4, fold=StratifiedKFold(n_splits=10, random_state=None, shuffle=False), estimator=ridge)
2021-05-14 12:39:19,658:INFO:Checking exceptions
2021-05-14 12:39:19,658:INFO:Importing libraries
2021-05-14 12:39:19,658:INFO:Copying training dataset
2021-05-14 12:39:19,660:INFO:Defining folds
2021-05-14 12:39:19,660:INFO:Declaring metric variables
2021-05-14 12:39:19,674:INFO:Importing untrained model
2021-05-14 12:39:19,689:INFO:Ridge Classifier Imported succesfully
2021-05-14 12:39:19,713:INFO:Starting cross validation
2021-05-14 12:39:19,714:INFO:Cross validating with StratifiedKFold(n_splits=10, random_state=None, shuffle=False), n_jobs=-1
2021-05-14 12:39:19,852:INFO:Calculating mean and std
2021-05-14 12:39:19,855:INFO:Creating metrics dataframe
2021-05-14 12:39:19,865:INFO:Uploading results into container
2021-05-14 12:39:19,866:INFO:Uploading model into container now
2021-05-14 12:39:19,866:INFO:create_model_container: 6
2021-05-14 12:39:19,866:INFO:master_model_container: 6
2021-05-14 12:39:19,866:INFO:display_container: 2
2021-05-14 12:39:19,867:INFO:RidgeClassifier(alpha=1.0, class_weight=None, copy_X=True, fit_intercept=True,
                max_iter=None, normalize=False, random_state=1309,
                solver='auto', tol=0.001)
2021-05-14 12:39:19,867:INFO:create_model() succesfully completed......................................
2021-05-14 12:39:19,960:INFO:SubProcess create_model() end ==================================
2021-05-14 12:39:19,961:INFO:Creating metrics dataframe
2021-05-14 12:39:19,990:INFO:Initializing Random Forest Classifier
2021-05-14 12:39:19,991:INFO:Total runtime is 0.21482765277226765 minutes
2021-05-14 12:39:20,004:INFO:SubProcess create_model() called ==================================
2021-05-14 12:39:20,004:INFO:Initializing create_model()
2021-05-14 12:39:20,004:INFO:create_model(kwargs={}, display=<pycaret.internal.Display.Display object at 0x0000024988581160>, metrics=None, system=False, verbose=False, refit=False, groups=None, fit_kwargs={}, predict=True, cross_validation=True, round=4, fold=StratifiedKFold(n_splits=10, random_state=None, shuffle=False), estimator=rf)
2021-05-14 12:39:20,004:INFO:Checking exceptions
2021-05-14 12:39:20,004:INFO:Importing libraries
2021-05-14 12:39:20,004:INFO:Copying training dataset
2021-05-14 12:39:20,006:INFO:Defining folds
2021-05-14 12:39:20,006:INFO:Declaring metric variables
2021-05-14 12:39:20,017:INFO:Importing untrained model
2021-05-14 12:39:20,031:INFO:Random Forest Classifier Imported succesfully
2021-05-14 12:39:20,054:INFO:Starting cross validation
2021-05-14 12:39:20,055:INFO:Cross validating with StratifiedKFold(n_splits=10, random_state=None, shuffle=False), n_jobs=-1
2021-05-14 12:39:21,512:INFO:Calculating mean and std
2021-05-14 12:39:21,513:INFO:Creating metrics dataframe
2021-05-14 12:39:21,519:INFO:Uploading results into container
2021-05-14 12:39:21,519:INFO:Uploading model into container now
2021-05-14 12:39:21,519:INFO:create_model_container: 7
2021-05-14 12:39:21,519:INFO:master_model_container: 7
2021-05-14 12:39:21,519:INFO:display_container: 2
2021-05-14 12:39:21,520:INFO:RandomForestClassifier(bootstrap=True, ccp_alpha=0.0, class_weight=None,
                       criterion='gini', max_depth=None, max_features='auto',
                       max_leaf_nodes=None, max_samples=None,
                       min_impurity_decrease=0.0, min_impurity_split=None,
                       min_samples_leaf=1, min_samples_split=2,
                       min_weight_fraction_leaf=0.0, n_estimators=100,
                       n_jobs=-1, oob_score=False, random_state=1309, verbose=0,
                       warm_start=False)
2021-05-14 12:39:21,520:INFO:create_model() succesfully completed......................................
2021-05-14 12:39:21,600:INFO:SubProcess create_model() end ==================================
2021-05-14 12:39:21,600:INFO:Creating metrics dataframe
2021-05-14 12:39:21,631:INFO:Initializing Quadratic Discriminant Analysis
2021-05-14 12:39:21,631:INFO:Total runtime is 0.24216654698053994 minutes
2021-05-14 12:39:21,643:INFO:SubProcess create_model() called ==================================
2021-05-14 12:39:21,643:INFO:Initializing create_model()
2021-05-14 12:39:21,643:INFO:create_model(kwargs={}, display=<pycaret.internal.Display.Display object at 0x0000024988581160>, metrics=None, system=False, verbose=False, refit=False, groups=None, fit_kwargs={}, predict=True, cross_validation=True, round=4, fold=StratifiedKFold(n_splits=10, random_state=None, shuffle=False), estimator=qda)
2021-05-14 12:39:21,644:INFO:Checking exceptions
2021-05-14 12:39:21,644:INFO:Importing libraries
2021-05-14 12:39:21,644:INFO:Copying training dataset
2021-05-14 12:39:21,645:INFO:Defining folds
2021-05-14 12:39:21,645:INFO:Declaring metric variables
2021-05-14 12:39:21,658:INFO:Importing untrained model
2021-05-14 12:39:21,672:INFO:Quadratic Discriminant Analysis Imported succesfully
2021-05-14 12:39:21,694:INFO:Starting cross validation
2021-05-14 12:39:21,695:INFO:Cross validating with StratifiedKFold(n_splits=10, random_state=None, shuffle=False), n_jobs=-1
2021-05-14 12:39:21,831:INFO:Calculating mean and std
2021-05-14 12:39:21,833:INFO:Creating metrics dataframe
2021-05-14 12:39:21,839:INFO:Uploading results into container
2021-05-14 12:39:21,839:INFO:Uploading model into container now
2021-05-14 12:39:21,839:INFO:create_model_container: 8
2021-05-14 12:39:21,840:INFO:master_model_container: 8
2021-05-14 12:39:21,840:INFO:display_container: 2
2021-05-14 12:39:21,840:INFO:QuadraticDiscriminantAnalysis(priors=None, reg_param=0.0,
                              store_covariance=False, tol=0.0001)
2021-05-14 12:39:21,840:INFO:create_model() succesfully completed......................................
2021-05-14 12:39:21,924:INFO:SubProcess create_model() end ==================================
2021-05-14 12:39:21,925:INFO:Creating metrics dataframe
2021-05-14 12:39:21,956:INFO:Initializing Ada Boost Classifier
2021-05-14 12:39:21,956:INFO:Total runtime is 0.24758617480595904 minutes
2021-05-14 12:39:21,967:INFO:SubProcess create_model() called ==================================
2021-05-14 12:39:21,967:INFO:Initializing create_model()
2021-05-14 12:39:21,967:INFO:create_model(kwargs={}, display=<pycaret.internal.Display.Display object at 0x0000024988581160>, metrics=None, system=False, verbose=False, refit=False, groups=None, fit_kwargs={}, predict=True, cross_validation=True, round=4, fold=StratifiedKFold(n_splits=10, random_state=None, shuffle=False), estimator=ada)
2021-05-14 12:39:21,967:INFO:Checking exceptions
2021-05-14 12:39:21,967:INFO:Importing libraries
2021-05-14 12:39:21,968:INFO:Copying training dataset
2021-05-14 12:39:21,969:INFO:Defining folds
2021-05-14 12:39:21,969:INFO:Declaring metric variables
2021-05-14 12:39:21,981:INFO:Importing untrained model
2021-05-14 12:39:21,993:INFO:Ada Boost Classifier Imported succesfully
2021-05-14 12:39:22,017:INFO:Starting cross validation
2021-05-14 12:39:22,017:INFO:Cross validating with StratifiedKFold(n_splits=10, random_state=None, shuffle=False), n_jobs=-1
2021-05-14 12:39:22,420:INFO:Calculating mean and std
2021-05-14 12:39:22,422:INFO:Creating metrics dataframe
2021-05-14 12:39:22,430:INFO:Uploading results into container
2021-05-14 12:39:22,430:INFO:Uploading model into container now
2021-05-14 12:39:22,431:INFO:create_model_container: 9
2021-05-14 12:39:22,431:INFO:master_model_container: 9
2021-05-14 12:39:22,431:INFO:display_container: 2
2021-05-14 12:39:22,431:INFO:AdaBoostClassifier(algorithm='SAMME.R', base_estimator=None, learning_rate=1.0,
                   n_estimators=50, random_state=1309)
2021-05-14 12:39:22,432:INFO:create_model() succesfully completed......................................
2021-05-14 12:39:22,530:INFO:SubProcess create_model() end ==================================
2021-05-14 12:39:22,530:INFO:Creating metrics dataframe
2021-05-14 12:39:22,567:INFO:Initializing Gradient Boosting Classifier
2021-05-14 12:39:22,567:INFO:Total runtime is 0.25776328643163043 minutes
2021-05-14 12:39:22,580:INFO:SubProcess create_model() called ==================================
2021-05-14 12:39:22,581:INFO:Initializing create_model()
2021-05-14 12:39:22,581:INFO:create_model(kwargs={}, display=<pycaret.internal.Display.Display object at 0x0000024988581160>, metrics=None, system=False, verbose=False, refit=False, groups=None, fit_kwargs={}, predict=True, cross_validation=True, round=4, fold=StratifiedKFold(n_splits=10, random_state=None, shuffle=False), estimator=gbc)
2021-05-14 12:39:22,581:INFO:Checking exceptions
2021-05-14 12:39:22,581:INFO:Importing libraries
2021-05-14 12:39:22,581:INFO:Copying training dataset
2021-05-14 12:39:22,582:INFO:Defining folds
2021-05-14 12:39:22,583:INFO:Declaring metric variables
2021-05-14 12:39:22,596:INFO:Importing untrained model
2021-05-14 12:39:22,609:INFO:Gradient Boosting Classifier Imported succesfully
2021-05-14 12:39:22,635:INFO:Starting cross validation
2021-05-14 12:39:22,636:INFO:Cross validating with StratifiedKFold(n_splits=10, random_state=None, shuffle=False), n_jobs=-1
2021-05-14 12:39:24,049:INFO:Calculating mean and std
2021-05-14 12:39:24,051:INFO:Creating metrics dataframe
2021-05-14 12:39:24,062:INFO:Uploading results into container
2021-05-14 12:39:24,062:INFO:Uploading model into container now
2021-05-14 12:39:24,063:INFO:create_model_container: 10
2021-05-14 12:39:24,063:INFO:master_model_container: 10
2021-05-14 12:39:24,063:INFO:display_container: 2
2021-05-14 12:39:24,064:INFO:GradientBoostingClassifier(ccp_alpha=0.0, criterion='friedman_mse', init=None,
                           learning_rate=0.1, loss='deviance', max_depth=3,
                           max_features=None, max_leaf_nodes=None,
                           min_impurity_decrease=0.0, min_impurity_split=None,
                           min_samples_leaf=1, min_samples_split=2,
                           min_weight_fraction_leaf=0.0, n_estimators=100,
                           n_iter_no_change=None, presort='deprecated',
                           random_state=1309, subsample=1.0, tol=0.0001,
                           validation_fraction=0.1, verbose=0,
                           warm_start=False)
2021-05-14 12:39:24,064:INFO:create_model() succesfully completed......................................
2021-05-14 12:39:24,167:INFO:SubProcess create_model() end ==================================
2021-05-14 12:39:24,167:INFO:Creating metrics dataframe
2021-05-14 12:39:24,208:INFO:Initializing Linear Discriminant Analysis
2021-05-14 12:39:24,208:INFO:Total runtime is 0.28512231111526487 minutes
2021-05-14 12:39:24,222:INFO:SubProcess create_model() called ==================================
2021-05-14 12:39:24,222:INFO:Initializing create_model()
2021-05-14 12:39:24,222:INFO:create_model(kwargs={}, display=<pycaret.internal.Display.Display object at 0x0000024988581160>, metrics=None, system=False, verbose=False, refit=False, groups=None, fit_kwargs={}, predict=True, cross_validation=True, round=4, fold=StratifiedKFold(n_splits=10, random_state=None, shuffle=False), estimator=lda)
2021-05-14 12:39:24,222:INFO:Checking exceptions
2021-05-14 12:39:24,223:INFO:Importing libraries
2021-05-14 12:39:24,223:INFO:Copying training dataset
2021-05-14 12:39:24,224:INFO:Defining folds
2021-05-14 12:39:24,224:INFO:Declaring metric variables
2021-05-14 12:39:24,236:INFO:Importing untrained model
2021-05-14 12:39:24,251:INFO:Linear Discriminant Analysis Imported succesfully
2021-05-14 12:39:24,275:INFO:Starting cross validation
2021-05-14 12:39:24,276:INFO:Cross validating with StratifiedKFold(n_splits=10, random_state=None, shuffle=False), n_jobs=-1
2021-05-14 12:39:24,411:INFO:Calculating mean and std
2021-05-14 12:39:24,413:INFO:Creating metrics dataframe
2021-05-14 12:39:24,420:INFO:Uploading results into container
2021-05-14 12:39:24,420:INFO:Uploading model into container now
2021-05-14 12:39:24,420:INFO:create_model_container: 11
2021-05-14 12:39:24,420:INFO:master_model_container: 11
2021-05-14 12:39:24,420:INFO:display_container: 2
2021-05-14 12:39:24,420:INFO:LinearDiscriminantAnalysis(n_components=None, priors=None, shrinkage=None,
                           solver='svd', store_covariance=False, tol=0.0001)
2021-05-14 12:39:24,420:INFO:create_model() succesfully completed......................................
2021-05-14 12:39:24,504:INFO:SubProcess create_model() end ==================================
2021-05-14 12:39:24,504:INFO:Creating metrics dataframe
2021-05-14 12:39:24,543:INFO:Initializing Extra Trees Classifier
2021-05-14 12:39:24,543:INFO:Total runtime is 0.2907010436058044 minutes
2021-05-14 12:39:24,554:INFO:SubProcess create_model() called ==================================
2021-05-14 12:39:24,554:INFO:Initializing create_model()
2021-05-14 12:39:24,555:INFO:create_model(kwargs={}, display=<pycaret.internal.Display.Display object at 0x0000024988581160>, metrics=None, system=False, verbose=False, refit=False, groups=None, fit_kwargs={}, predict=True, cross_validation=True, round=4, fold=StratifiedKFold(n_splits=10, random_state=None, shuffle=False), estimator=et)
2021-05-14 12:39:24,555:INFO:Checking exceptions
2021-05-14 12:39:24,555:INFO:Importing libraries
2021-05-14 12:39:24,555:INFO:Copying training dataset
2021-05-14 12:39:24,557:INFO:Defining folds
2021-05-14 12:39:24,557:INFO:Declaring metric variables
2021-05-14 12:39:24,568:INFO:Importing untrained model
2021-05-14 12:39:24,581:INFO:Extra Trees Classifier Imported succesfully
2021-05-14 12:39:24,605:INFO:Starting cross validation
2021-05-14 12:39:24,606:INFO:Cross validating with StratifiedKFold(n_splits=10, random_state=None, shuffle=False), n_jobs=-1
2021-05-14 12:39:25,888:INFO:Calculating mean and std
2021-05-14 12:39:25,889:INFO:Creating metrics dataframe
2021-05-14 12:39:25,895:INFO:Uploading results into container
2021-05-14 12:39:25,895:INFO:Uploading model into container now
2021-05-14 12:39:25,895:INFO:create_model_container: 12
2021-05-14 12:39:25,896:INFO:master_model_container: 12
2021-05-14 12:39:25,896:INFO:display_container: 2
2021-05-14 12:39:25,897:INFO:ExtraTreesClassifier(bootstrap=False, ccp_alpha=0.0, class_weight=None,
                     criterion='gini', max_depth=None, max_features='auto',
                     max_leaf_nodes=None, max_samples=None,
                     min_impurity_decrease=0.0, min_impurity_split=None,
                     min_samples_leaf=1, min_samples_split=2,
                     min_weight_fraction_leaf=0.0, n_estimators=100, n_jobs=-1,
                     oob_score=False, random_state=1309, verbose=0,
                     warm_start=False)
2021-05-14 12:39:25,897:INFO:create_model() succesfully completed......................................
2021-05-14 12:39:25,987:INFO:SubProcess create_model() end ==================================
2021-05-14 12:39:25,987:INFO:Creating metrics dataframe
2021-05-14 12:39:26,019:INFO:Initializing Light Gradient Boosting Machine
2021-05-14 12:39:26,019:INFO:Total runtime is 0.31529326438903804 minutes
2021-05-14 12:39:26,029:INFO:SubProcess create_model() called ==================================
2021-05-14 12:39:26,030:INFO:Initializing create_model()
2021-05-14 12:39:26,030:INFO:create_model(kwargs={}, display=<pycaret.internal.Display.Display object at 0x0000024988581160>, metrics=None, system=False, verbose=False, refit=False, groups=None, fit_kwargs={}, predict=True, cross_validation=True, round=4, fold=StratifiedKFold(n_splits=10, random_state=None, shuffle=False), estimator=lightgbm)
2021-05-14 12:39:26,030:INFO:Checking exceptions
2021-05-14 12:39:26,030:INFO:Importing libraries
2021-05-14 12:39:26,030:INFO:Copying training dataset
2021-05-14 12:39:26,032:INFO:Defining folds
2021-05-14 12:39:26,032:INFO:Declaring metric variables
2021-05-14 12:39:26,041:INFO:Importing untrained model
2021-05-14 12:39:26,054:INFO:Light Gradient Boosting Machine Imported succesfully
2021-05-14 12:39:26,079:INFO:Starting cross validation
2021-05-14 12:39:26,079:INFO:Cross validating with StratifiedKFold(n_splits=10, random_state=None, shuffle=False), n_jobs=-1
2021-05-14 12:39:26,910:INFO:Calculating mean and std
2021-05-14 12:39:26,913:INFO:Creating metrics dataframe
2021-05-14 12:39:26,927:INFO:Uploading results into container
2021-05-14 12:39:26,928:INFO:Uploading model into container now
2021-05-14 12:39:26,928:INFO:create_model_container: 13
2021-05-14 12:39:26,928:INFO:master_model_container: 13
2021-05-14 12:39:26,929:INFO:display_container: 2
2021-05-14 12:39:26,930:INFO:LGBMClassifier(boosting_type='gbdt', class_weight=None, colsample_bytree=1.0,
               importance_type='split', learning_rate=0.1, max_depth=-1,
               min_child_samples=20, min_child_weight=0.001, min_split_gain=0.0,
               n_estimators=100, n_jobs=-1, num_leaves=31, objective=None,
               random_state=1309, reg_alpha=0.0, reg_lambda=0.0, silent=True,
               subsample=1.0, subsample_for_bin=200000, subsample_freq=0)
2021-05-14 12:39:26,931:INFO:create_model() succesfully completed......................................
2021-05-14 12:39:27,035:INFO:SubProcess create_model() end ==================================
2021-05-14 12:39:27,035:INFO:Creating metrics dataframe
2021-05-14 12:39:27,104:INFO:Initializing create_model()
2021-05-14 12:39:27,104:INFO:create_model(kwargs={}, display=None, metrics=None, system=False, verbose=False, refit=True, groups=None, fit_kwargs={}, predict=False, cross_validation=False, round=4, fold=StratifiedKFold(n_splits=10, random_state=None, shuffle=False), estimator=RandomForestClassifier(bootstrap=True, ccp_alpha=0.0, class_weight=None,
                       criterion='gini', max_depth=None, max_features='auto',
                       max_leaf_nodes=None, max_samples=None,
                       min_impurity_decrease=0.0, min_impurity_split=None,
                       min_samples_leaf=1, min_samples_split=2,
                       min_weight_fraction_leaf=0.0, n_estimators=100,
                       n_jobs=-1, oob_score=False, random_state=1309, verbose=0,
                       warm_start=False))
2021-05-14 12:39:27,104:INFO:Checking exceptions
2021-05-14 12:39:27,105:INFO:Importing libraries
2021-05-14 12:39:27,105:INFO:Copying training dataset
2021-05-14 12:39:27,105:INFO:Defining folds
2021-05-14 12:39:27,105:INFO:Declaring metric variables
2021-05-14 12:39:27,105:INFO:Importing untrained model
2021-05-14 12:39:27,105:INFO:Declaring custom model
2021-05-14 12:39:27,106:INFO:Random Forest Classifier Imported succesfully
2021-05-14 12:39:27,107:INFO:Cross validation set to False
2021-05-14 12:39:27,107:INFO:Fitting Model
2021-05-14 12:39:27,809:INFO:RandomForestClassifier(bootstrap=True, ccp_alpha=0.0, class_weight=None,
                       criterion='gini', max_depth=None, max_features='auto',
                       max_leaf_nodes=None, max_samples=None,
                       min_impurity_decrease=0.0, min_impurity_split=None,
                       min_samples_leaf=1, min_samples_split=2,
                       min_weight_fraction_leaf=0.0, n_estimators=100,
                       n_jobs=-1, oob_score=False, random_state=1309, verbose=0,
                       warm_start=False)
2021-05-14 12:39:27,809:INFO:create_models() succesfully completed......................................
2021-05-14 12:39:27,964:INFO:create_model_container: 13
2021-05-14 12:39:27,964:INFO:master_model_container: 13
2021-05-14 12:39:27,964:INFO:display_container: 2
2021-05-14 12:39:27,964:INFO:RandomForestClassifier(bootstrap=True, ccp_alpha=0.0, class_weight=None,
                       criterion='gini', max_depth=None, max_features='auto',
                       max_leaf_nodes=None, max_samples=None,
                       min_impurity_decrease=0.0, min_impurity_split=None,
                       min_samples_leaf=1, min_samples_split=2,
                       min_weight_fraction_leaf=0.0, n_estimators=100,
                       n_jobs=-1, oob_score=False, random_state=1309, verbose=0,
                       warm_start=False)
2021-05-14 12:39:27,964:INFO:compare_models() succesfully completed......................................
2021-05-14 12:39:27,971:INFO:Initializing create_model()
2021-05-14 12:39:27,971:INFO:create_model(kwargs={}, display=None, metrics=None, system=True, verbose=True, refit=True, groups=None, fit_kwargs=None, predict=True, cross_validation=True, round=4, fold=None, estimator=rf)
2021-05-14 12:39:27,971:INFO:Checking exceptions
2021-05-14 12:39:27,971:INFO:Preparing display monitor
2021-05-14 12:39:27,996:INFO:Importing libraries
2021-05-14 12:39:27,996:INFO:Copying training dataset
2021-05-14 12:39:27,997:INFO:Defining folds
2021-05-14 12:39:27,997:INFO:Declaring metric variables
2021-05-14 12:39:28,009:INFO:Importing untrained model
2021-05-14 12:39:28,021:INFO:Random Forest Classifier Imported succesfully
2021-05-14 12:39:28,044:INFO:Starting cross validation
2021-05-14 12:39:28,045:INFO:Cross validating with StratifiedKFold(n_splits=10, random_state=None, shuffle=False), n_jobs=-1
2021-05-14 12:39:29,471:INFO:Calculating mean and std
2021-05-14 12:39:29,472:INFO:Creating metrics dataframe
2021-05-14 12:39:29,489:INFO:Finalizing model
2021-05-14 12:39:30,203:INFO:Uploading results into container
2021-05-14 12:39:30,203:INFO:Uploading model into container now
2021-05-14 12:39:30,228:INFO:create_model_container: 14
2021-05-14 12:39:30,228:INFO:master_model_container: 14
2021-05-14 12:39:30,228:INFO:display_container: 3
2021-05-14 12:39:30,229:INFO:RandomForestClassifier(bootstrap=True, ccp_alpha=0.0, class_weight=None,
                       criterion='gini', max_depth=None, max_features='auto',
                       max_leaf_nodes=None, max_samples=None,
                       min_impurity_decrease=0.0, min_impurity_split=None,
                       min_samples_leaf=1, min_samples_split=2,
                       min_weight_fraction_leaf=0.0, n_estimators=100,
                       n_jobs=-1, oob_score=False, random_state=1309, verbose=0,
                       warm_start=False)
2021-05-14 12:39:30,229:INFO:create_model() succesfully completed......................................
